{
  "RSpec": {
    "coverage": {
      "/home/relational-map-7824/tic-tac-toe-rb-online-web-sp-000/lib/tic_tac_toe.rb": [
        null,
        1,
        null,
        null,
        null,
        null,
        null,
        null,
        null,
        null,
        null,
        1,
        20,
        20,
        20,
        20,
        20,
        null,
        null,
        1,
        19,
        null,
        null,
        1,
        19,
        null,
        null,
        1,
        21,
        null,
        null,
        1,
        null,
        19,
        16,
        16,
        null,
        3,
        null,
        null,
        null,
        1,
        16,
        16,
        16,
        16,
        1,
        null,
        15,
        15,
        null,
        null,
        null,
        1,
        2,
        2,
        18,
        5,
        null,
        null,
        2,
        null,
        null,
        1,
        1,
        1,
        null,
        0,
        null,
        null,
        null,
        1,
        59,
        332,
        332,
        332,
        null,
        332,
        null,
        null,
        null,
        null,
        1,
        17,
        90,
        null,
        null,
        null,
        1,
        18,
        null,
        null,
        1,
        17,
        null,
        null,
        1,
        8,
        7,
        null,
        null,
        null,
        1,
        12,
        13,
        null,
        null,
        12,
        6,
        6,
        6,
        null,
        null
      ]
    },
    "timestamp": 1563076493
  }
}
